2020-04-05T01:55:38.091533Z 0 [Warning] Insecure configuration for --secure-file-priv: Current value does not restrict location of generated files. Consider setting it to a valid, non-empty path.
2020-04-05T01:55:38.093871Z 0 [ERROR] Cannot open Windows EventLog; check privileges, or start server with --log_syslog=0
2020-04-05T01:55:38.093961Z 0 [Note] H:\laragon\bin\mysql\mysql-5.7.24-winx64\bin\mysqld (mysqld 5.7.24) starting as process 6600 ...
2020-04-05T01:55:48.242449Z 0 [Warning] Insecure configuration for --secure-file-priv: Current value does not restrict location of generated files. Consider setting it to a valid, non-empty path.
2020-04-05T01:55:48.243860Z 0 [ERROR] Cannot open Windows EventLog; check privileges, or start server with --log_syslog=0
2020-04-05T01:55:48.243937Z 0 [Note] H:\laragon\bin\mysql\mysql-5.7.24-winx64\bin\mysqld (mysqld 5.7.24) starting as process 6852 ...
2020-04-05T01:55:48.425977Z 0 [Note] InnoDB: Mutexes and rw_locks use Windows interlocked functions
2020-04-05T01:55:48.432243Z 0 [Note] InnoDB: Uses event mutexes
2020-04-05T01:55:48.436201Z 0 [Note] InnoDB: _mm_lfence() and _mm_sfence() are used for memory barrier
2020-04-05T01:55:48.442615Z 0 [Note] InnoDB: Compressed tables use zlib 1.2.11
2020-04-05T01:55:48.449693Z 0 [Note] InnoDB: Number of pools: 1
2020-04-05T01:55:48.454467Z 0 [Note] InnoDB: Not using CPU crc32 instructions
2020-04-05T01:55:48.474612Z 0 [Note] InnoDB: Initializing buffer pool, total size = 128M, instances = 1, chunk size = 128M
2020-04-05T01:55:48.518065Z 0 [Note] InnoDB: Completed initialization of buffer pool
2020-04-05T01:55:48.685622Z 0 [Note] InnoDB: Highest supported file format is Barracuda.
2020-04-05T01:55:49.186865Z 0 [Note] InnoDB: Creating shared tablespace for temporary tables
2020-04-05T01:55:49.193591Z 0 [Note] InnoDB: Setting file '.\ibtmp1' size to 12 MB. Physically writing the file full; Please wait ...
2020-04-05T01:55:49.611587Z 0 [Note] InnoDB: File '.\ibtmp1' size is now 12 MB.
2020-04-05T01:55:49.725846Z 0 [Note] InnoDB: 96 redo rollback segment(s) found. 96 redo rollback segment(s) are active.
2020-04-05T01:55:49.733316Z 0 [Note] InnoDB: 32 non-redo rollback segment(s) are active.
2020-04-05T01:55:49.740410Z 0 [Note] InnoDB: Waiting for purge to start
2020-04-05T01:55:49.799014Z 0 [Note] InnoDB: 5.7.24 started; log sequence number 2592159
2020-04-05T01:55:49.805594Z 0 [Note] InnoDB: Loading buffer pool(s) from H:\laragon\www\login\notas_auth\mysql\ib_buffer_pool
2020-04-05T01:55:49.806355Z 0 [Note] Plugin 'FEDERATED' is disabled.
2020-04-05T01:55:49.950593Z 0 [Warning] Failed to set up SSL because of the following SSL library error: SSL context is not usable without certificate and private key
2020-04-05T01:55:49.961181Z 0 [Note] Server hostname (bind-address): '*'; port: 3306
2020-04-05T01:55:49.967611Z 0 [Note] IPv6 is available.
2020-04-05T01:55:49.971191Z 0 [Note]   - '::' resolves to '::';
2020-04-05T01:55:49.975364Z 0 [Note] Server socket created on IP: '::'.
2020-04-05T01:55:50.122921Z 0 [Note] InnoDB: Buffer pool(s) load completed at 200404 20:55:50
2020-04-05T01:55:50.245978Z 0 [Note] Event Scheduler: Loaded 0 events
2020-04-05T01:55:50.250946Z 0 [Note] H:\laragon\bin\mysql\mysql-5.7.24-winx64\bin\mysqld: ready for connections.
Version: '5.7.24'  socket: ''  port: 3306  MySQL Community Server (GPL)
2020-04-05T02:07:44.398521Z 3 [Note] Unknown database 'mathweb'
2020-04-05T02:07:47.914971Z 4 [Note] Unknown database 'mathweb'
2020-04-05T02:07:47.933879Z 5 [Note] Unknown database 'mathweb'
2020-04-05T02:18:35.342620Z 0 [Note] H:\laragon\bin\mysql\mysql-5.7.24-winx64\bin\mysqld: Normal shutdown

2020-04-05T02:18:35.350989Z 0 [Note] Giving 0 client threads a chance to die gracefully
2020-04-05T02:18:35.357459Z 0 [Note] Shutting down slave threads
2020-04-05T02:18:35.369567Z 0 [Note] Forcefully disconnecting 0 remaining clients
2020-04-05T02:18:35.423079Z 0 [Note] Event Scheduler: Purging the queue. 0 events
2020-04-05T02:18:35.444278Z 0 [Note] Binlog end
2020-04-05T02:18:35.479086Z 0 [Note] Shutting down plugin 'ngram'
2020-04-05T02:18:35.512654Z 0 [Note] Shutting down plugin 'partition'
2020-04-05T02:18:35.517327Z 0 [Note] Shutting down plugin 'BLACKHOLE'
2020-04-05T02:18:35.521670Z 0 [Note] Shutting down plugin 'ARCHIVE'
2020-04-05T02:18:35.525998Z 0 [Note] Shutting down plugin 'PERFORMANCE_SCHEMA'
2020-04-05T02:18:35.556068Z 0 [Note] Shutting down plugin 'MRG_MYISAM'
2020-04-05T02:18:35.561952Z 0 [Note] Shutting down plugin 'MyISAM'
2020-04-05T02:18:35.569348Z 0 [Note] Shutting down plugin 'INNODB_SYS_VIRTUAL'
2020-04-05T02:18:35.574318Z 0 [Note] Shutting down plugin 'INNODB_SYS_DATAFILES'
2020-04-05T02:18:35.579328Z 0 [Note] Shutting down plugin 'INNODB_SYS_TABLESPACES'
2020-04-05T02:18:35.584439Z 0 [Note] Shutting down plugin 'INNODB_SYS_FOREIGN_COLS'
2020-04-05T02:18:35.589692Z 0 [Note] Shutting down plugin 'INNODB_SYS_FOREIGN'
2020-04-05T02:18:35.594636Z 0 [Note] Shutting down plugin 'INNODB_SYS_FIELDS'
2020-04-05T02:18:35.599511Z 0 [Note] Shutting down plugin 'INNODB_SYS_COLUMNS'
2020-04-05T02:18:35.604577Z 0 [Note] Shutting down plugin 'INNODB_SYS_INDEXES'
2020-04-05T02:18:35.609523Z 0 [Note] Shutting down plugin 'INNODB_SYS_TABLESTATS'
2020-04-05T02:18:35.614620Z 0 [Note] Shutting down plugin 'INNODB_SYS_TABLES'
2020-04-05T02:18:35.619487Z 0 [Note] Shutting down plugin 'INNODB_FT_INDEX_TABLE'
2020-04-05T02:18:35.624616Z 0 [Note] Shutting down plugin 'INNODB_FT_INDEX_CACHE'
2020-04-05T02:18:35.629772Z 0 [Note] Shutting down plugin 'INNODB_FT_CONFIG'
2020-04-05T02:18:35.634559Z 0 [Note] Shutting down plugin 'INNODB_FT_BEING_DELETED'
2020-04-05T02:18:35.639779Z 0 [Note] Shutting down plugin 'INNODB_FT_DELETED'
2020-04-05T02:18:35.644585Z 0 [Note] Shutting down plugin 'INNODB_FT_DEFAULT_STOPWORD'
2020-04-05T02:18:35.649993Z 0 [Note] Shutting down plugin 'INNODB_METRICS'
2020-04-05T02:18:35.654737Z 0 [Note] Shutting down plugin 'INNODB_TEMP_TABLE_INFO'
2020-04-05T02:18:35.660637Z 0 [Note] Shutting down plugin 'INNODB_BUFFER_POOL_STATS'
2020-04-05T02:18:35.666380Z 0 [Note] Shutting down plugin 'INNODB_BUFFER_PAGE_LRU'
2020-04-05T02:18:35.671928Z 0 [Note] Shutting down plugin 'INNODB_BUFFER_PAGE'
2020-04-05T02:18:35.676989Z 0 [Note] Shutting down plugin 'INNODB_CMP_PER_INDEX_RESET'
2020-04-05T02:18:35.682454Z 0 [Note] Shutting down plugin 'INNODB_CMP_PER_INDEX'
2020-04-05T02:18:35.687471Z 0 [Note] Shutting down plugin 'INNODB_CMPMEM_RESET'
2020-04-05T02:18:35.692442Z 0 [Note] Shutting down plugin 'INNODB_CMPMEM'
2020-04-05T02:18:35.697094Z 0 [Note] Shutting down plugin 'INNODB_CMP_RESET'
2020-04-05T02:18:35.701842Z 0 [Note] Shutting down plugin 'INNODB_CMP'
2020-04-05T02:18:35.706249Z 0 [Note] Shutting down plugin 'INNODB_LOCK_WAITS'
2020-04-05T02:18:35.711065Z 0 [Note] Shutting down plugin 'INNODB_LOCKS'
2020-04-05T02:18:35.715569Z 0 [Note] Shutting down plugin 'INNODB_TRX'
2020-04-05T02:18:35.720004Z 0 [Note] Shutting down plugin 'InnoDB'
2020-04-05T02:18:35.734309Z 0 [Note] InnoDB: FTS optimize thread exiting.
2020-04-05T02:18:35.739523Z 0 [Note] InnoDB: Starting shutdown...
2020-04-05T02:18:35.845204Z 0 [Note] InnoDB: Dumping buffer pool(s) to H:\laragon\www\login\notas_auth\mysql\ib_buffer_pool
2020-04-05T02:18:35.888965Z 0 [Note] InnoDB: Buffer pool(s) dump completed at 200404 21:18:35
2020-04-05T02:18:36.798430Z 0 [Note] InnoDB: Shutdown completed; log sequence number 2592187
2020-04-05T02:18:36.808388Z 0 [Note] InnoDB: Removed temporary tablespace data file: "ibtmp1"
2020-04-05T02:18:36.814555Z 0 [Note] Shutting down plugin 'MEMORY'
2020-04-05T02:18:36.818917Z 0 [Note] Shutting down plugin 'CSV'
2020-04-05T02:18:36.822982Z 0 [Note] Shutting down plugin 'sha256_password'
2020-04-05T02:18:36.828010Z 0 [Note] Shutting down plugin 'mysql_native_password'
2020-04-05T02:18:36.833830Z 0 [Note] Shutting down plugin 'binlog'
2020-04-05T02:18:36.934183Z 0 [Note] H:\laragon\bin\mysql\mysql-5.7.24-winx64\bin\mysqld: Shutdown complete

